<?xml version="1.0" encoding="UTF-8"?>
<!-- Generated by org.testng.reporters.JUnitXMLReporter -->
<testsuite hostname="Maheshs-MacBook-Pro.local" ignored="0" name="Default test" tests="3" failures="0" timestamp="10 Jan 2019 06:15:26 GMT" time="66.194" errors="0">
  <testcase name="loginPageTitileTest" time="0.053" classname="com.mphrx.qa.testcases.LoginPageTest"/>
  <testcase name="logoImageTest" time="2.414" classname="com.mphrx.qa.testcases.LoginPageTest"/>
  <testcase name="loginTest" time="3.71" classname="com.mphrx.qa.testcases.LoginPageTest"/>
</testsuite> <!-- Default test -->
