<?xml version="1.0" encoding="UTF-8"?>
<testng-results skipped="0" failed="0" ignored="0" total="3" passed="3">
  <reporter-output>
  </reporter-output>
  <suite name="Default suite" duration-ms="66194" started-at="2019-01-10T06:14:19Z" finished-at="2019-01-10T06:15:26Z">
    <groups>
    </groups>
    <test name="Default test" duration-ms="66194" started-at="2019-01-10T06:14:19Z" finished-at="2019-01-10T06:15:26Z">
      <class name="com.mphrx.qa.testcases.LoginPageTest">
        <test-method status="PASS" signature="setUp()[pri:0, instance:com.mphrx.qa.testcases.LoginPageTest@42dafa95]" name="setUp" is-config="true" duration-ms="28959" started-at="2019-01-10T06:14:20Z" finished-at="2019-01-10T06:14:49Z">
          <reporter-output>
          </reporter-output>
        </test-method> <!-- setUp -->
        <test-method status="PASS" signature="loginPageTitileTest()[pri:1, instance:com.mphrx.qa.testcases.LoginPageTest@42dafa95]" name="loginPageTitileTest" duration-ms="53" started-at="2019-01-10T06:14:49Z" finished-at="2019-01-10T06:14:49Z">
          <reporter-output>
          </reporter-output>
        </test-method> <!-- loginPageTitileTest -->
        <test-method status="PASS" signature="tearDown()[pri:0, instance:com.mphrx.qa.testcases.LoginPageTest@42dafa95]" name="tearDown" is-config="true" duration-ms="709" started-at="2019-01-10T06:14:49Z" finished-at="2019-01-10T06:14:50Z">
          <reporter-output>
          </reporter-output>
        </test-method> <!-- tearDown -->
        <test-method status="PASS" signature="setUp()[pri:0, instance:com.mphrx.qa.testcases.LoginPageTest@42dafa95]" name="setUp" is-config="true" duration-ms="17383" started-at="2019-01-10T06:14:50Z" finished-at="2019-01-10T06:15:07Z">
          <reporter-output>
          </reporter-output>
        </test-method> <!-- setUp -->
        <test-method status="PASS" signature="logoImageTest()[pri:2, instance:com.mphrx.qa.testcases.LoginPageTest@42dafa95]" name="logoImageTest" duration-ms="2414" started-at="2019-01-10T06:15:07Z" finished-at="2019-01-10T06:15:09Z">
          <reporter-output>
          </reporter-output>
        </test-method> <!-- logoImageTest -->
        <test-method status="PASS" signature="tearDown()[pri:0, instance:com.mphrx.qa.testcases.LoginPageTest@42dafa95]" name="tearDown" is-config="true" duration-ms="360" started-at="2019-01-10T06:15:09Z" finished-at="2019-01-10T06:15:10Z">
          <reporter-output>
          </reporter-output>
        </test-method> <!-- tearDown -->
        <test-method status="PASS" signature="setUp()[pri:0, instance:com.mphrx.qa.testcases.LoginPageTest@42dafa95]" name="setUp" is-config="true" duration-ms="12008" started-at="2019-01-10T06:15:10Z" finished-at="2019-01-10T06:15:22Z">
          <reporter-output>
          </reporter-output>
        </test-method> <!-- setUp -->
        <test-method status="PASS" signature="loginTest()[pri:3, instance:com.mphrx.qa.testcases.LoginPageTest@42dafa95]" name="loginTest" duration-ms="3710" started-at="2019-01-10T06:15:22Z" finished-at="2019-01-10T06:15:25Z">
          <reporter-output>
          </reporter-output>
        </test-method> <!-- loginTest -->
        <test-method status="PASS" signature="tearDown()[pri:0, instance:com.mphrx.qa.testcases.LoginPageTest@42dafa95]" name="tearDown" is-config="true" duration-ms="189" started-at="2019-01-10T06:15:25Z" finished-at="2019-01-10T06:15:26Z">
          <reporter-output>
          </reporter-output>
        </test-method> <!-- tearDown -->
      </class> <!-- com.mphrx.qa.testcases.LoginPageTest -->
    </test> <!-- Default test -->
  </suite> <!-- Default suite -->
</testng-results>
